2024-09-14 22:13:40,096 [Worker-4: Loading available Gradle versions] INFO  o.e.b.c.i.u.g.PublishedGradleVersions - Gradle version information cache is up-to-date. Trying to read.
2024-09-14 22:17:42,361 [Worker-11: Import Getting Started Content] INFO  o.e.m.c.i.l.LifecycleMappingFactory - Using org.eclipse.m2e.jdt.JarLifecycleMapping lifecycle mapping for MavenProject: com.learn.gateway:ApiGateway:0.0.1-SNAPSHOT @ D:\Learn Code with Durgesh\Microservices\Microservices_3.0\ApiGateway\ApiGateway\pom.xml.
2024-09-14 22:17:44,095 [Worker-11: Import Getting Started Content] INFO  o.e.m.j.i.AbstractJavaProjectConfigurator - Adding source folder /ApiGateway/src/main/java
2024-09-14 22:17:44,096 [Worker-11: Import Getting Started Content] INFO  o.e.m.j.i.AbstractJavaProjectConfigurator - Adding resource folder /ApiGateway/src/main/resources
2024-09-14 22:17:44,103 [Worker-11: Import Getting Started Content] INFO  o.e.m.j.i.AbstractJavaProjectConfigurator - Adding resource folder /ApiGateway/src/main/resources
2024-09-14 22:17:44,111 [Worker-11: Import Getting Started Content] INFO  o.e.m.j.i.AbstractJavaProjectConfigurator - Adding source folder /ApiGateway/src/test/java
2024-09-14 22:17:45,915 [Worker-11: Import Getting Started Content] INFO  o.e.m.c.i.p.ProjectConfigurationManager - Imported and configured 1 project(s) in 5 sec
2024-09-14 22:17:45,920 [Worker-11: Import Getting Started Content] INFO  o.e.m.c.i.p.ProjectConfigurationManager - Update started
2024-09-14 22:17:46,276 [Worker-11: Import Getting Started Content] INFO  o.e.m.c.i.l.LifecycleMappingFactory - Using org.eclipse.m2e.jdt.JarLifecycleMapping lifecycle mapping for MavenProject: com.learn.gateway:ApiGateway:0.0.1-SNAPSHOT @ D:\Learn Code with Durgesh\Microservices\Microservices_3.0\ApiGateway\ApiGateway\pom.xml.
2024-09-14 22:17:47,058 [Worker-11: Import Getting Started Content] INFO  o.e.m.j.i.AbstractJavaProjectConfigurator - Adding source folder /ApiGateway/src/main/java
2024-09-14 22:17:47,059 [Worker-11: Import Getting Started Content] INFO  o.e.m.j.i.AbstractJavaProjectConfigurator - Adding resource folder /ApiGateway/src/main/resources
2024-09-14 22:17:47,059 [Worker-11: Import Getting Started Content] INFO  o.e.m.j.i.AbstractJavaProjectConfigurator - Adding resource folder /ApiGateway/src/main/resources
2024-09-14 22:17:47,060 [Worker-11: Import Getting Started Content] INFO  o.e.m.j.i.AbstractJavaProjectConfigurator - Adding source folder /ApiGateway/src/test/java
2024-09-14 22:17:47,687 [Worker-11: Import Getting Started Content] INFO  o.e.m.c.i.p.ProjectConfigurationManager - Update completed: 1 sec
2024-09-14 22:17:48,227 [Worker-8: Building] INFO  o.a.m.s.f.DefaultMavenResourcesFiltering - Copying 1 resource from src\main\resources to target\classes
2024-09-14 22:17:48,243 [Worker-8: Building] INFO  o.a.m.s.f.DefaultMavenResourcesFiltering - Copying 0 resource from src\main\resources to target\classes
2024-09-14 22:17:48,246 [Worker-8: Building] INFO  o.a.m.s.f.DefaultMavenResourcesFiltering - skip non existing resourceDirectory D:\Learn Code with Durgesh\Microservices\Microservices_3.0\ApiGateway\ApiGateway\src\test\resources
2024-09-14 22:18:43,181 [Worker-5: Building] INFO  o.a.m.s.f.DefaultMavenResourcesFiltering - Copying 1 resource from src\main\resources to target\classes
2024-09-14 22:18:43,194 [Worker-5: Building] INFO  o.a.m.s.f.DefaultMavenResourcesFiltering - Copying 0 resource from src\main\resources to target\classes
2024-09-14 22:18:43,198 [Worker-5: Building] INFO  o.a.m.s.f.DefaultMavenResourcesFiltering - skip non existing resourceDirectory D:\Learn Code with Durgesh\Microservices\Microservices_3.0\ApiGateway\ApiGateway\src\test\resources
2024-09-14 22:22:59,144 [Worker-17: Building] INFO  o.a.m.s.f.DefaultMavenResourcesFiltering - Copying 0 resource from src\main\resources to target\classes
2024-09-14 22:22:59,148 [Worker-17: Building] INFO  o.a.m.s.f.DefaultMavenResourcesFiltering - Copying 1 resource from src\main\resources to target\classes
2024-09-14 22:22:59,155 [Worker-17: Building] INFO  o.a.m.s.f.DefaultMavenResourcesFiltering - skip non existing resourceDirectory D:\Learn Code with Durgesh\Microservices\Microservices_3.0\ApiGateway\ApiGateway\src\test\resources
2024-09-14 22:23:29,655 [Worker-16: Building] INFO  o.a.m.s.f.DefaultMavenResourcesFiltering - Copying 1 resource from src\main\resources to target\classes
2024-09-14 22:23:29,702 [Worker-16: Building] INFO  o.a.m.s.f.DefaultMavenResourcesFiltering - Copying 0 resource from src\main\resources to target\classes
2024-09-14 22:23:29,702 [Worker-16: Building] INFO  o.a.m.s.f.DefaultMavenResourcesFiltering - skip non existing resourceDirectory D:\Learn Code with Durgesh\Microservices\Microservices_3.0\ApiGateway\ApiGateway\src\test\resources
2024-09-14 22:24:11,663 [Worker-11: Building] INFO  o.a.m.s.f.DefaultMavenResourcesFiltering - Copying 1 resource from src\main\resources to target\classes
2024-09-14 22:24:11,710 [Worker-11: Building] INFO  o.a.m.s.f.DefaultMavenResourcesFiltering - Copying 0 resource from src\main\resources to target\classes
2024-09-14 22:24:11,710 [Worker-11: Building] INFO  o.a.m.s.f.DefaultMavenResourcesFiltering - skip non existing resourceDirectory D:\Learn Code with Durgesh\Microservices\Microservices_3.0\ApiGateway\ApiGateway\src\test\resources
2024-09-14 22:25:46,426 [Worker-8: Building] INFO  o.e.m.c.i.l.LifecycleMappingFactory - Using org.eclipse.m2e.jdt.JarLifecycleMapping lifecycle mapping for MavenProject: com.learn.gateway:ApiGateway:0.0.1-SNAPSHOT @ D:\Learn Code with Durgesh\Microservices\Microservices_3.0\ApiGateway\ApiGateway\pom.xml.
2024-09-14 22:25:47,855 [Worker-8: Building] INFO  o.a.m.s.f.DefaultMavenResourcesFiltering - Copying 0 resource from src\main\resources to target\classes
2024-09-14 22:25:47,856 [Worker-8: Building] INFO  o.a.m.s.f.DefaultMavenResourcesFiltering - Copying 0 resource from src\main\resources to target\classes
2024-09-14 22:25:47,860 [Worker-8: Building] INFO  o.a.m.s.f.DefaultMavenResourcesFiltering - skip non existing resourceDirectory D:\Learn Code with Durgesh\Microservices\Microservices_3.0\ApiGateway\ApiGateway\src\test\resources
2024-09-14 22:25:49,457 [Worker-17: Building] INFO  o.a.m.s.f.DefaultMavenResourcesFiltering - Copying 1 resource from src\main\resources to target\classes
2024-09-14 22:25:49,475 [Worker-17: Building] INFO  o.a.m.s.f.DefaultMavenResourcesFiltering - Copying 1 resource from src\main\resources to target\classes
2024-09-14 22:25:49,478 [Worker-17: Building] INFO  o.a.m.s.f.DefaultMavenResourcesFiltering - skip non existing resourceDirectory D:\Learn Code with Durgesh\Microservices\Microservices_3.0\ApiGateway\ApiGateway\src\test\resources
2024-09-14 22:26:24,151 [Worker-11: Building] INFO  o.a.m.s.f.DefaultMavenResourcesFiltering - Copying 1 resource from src\main\resources to target\classes
2024-09-14 22:26:24,211 [Worker-11: Building] INFO  o.a.m.s.f.DefaultMavenResourcesFiltering - Copying 0 resource from src\main\resources to target\classes
2024-09-14 22:26:24,211 [Worker-11: Building] INFO  o.a.m.s.f.DefaultMavenResourcesFiltering - skip non existing resourceDirectory D:\Learn Code with Durgesh\Microservices\Microservices_3.0\ApiGateway\ApiGateway\src\test\resources
2024-09-14 22:27:36,664 [Worker-13: Launching Executing clean in D__Learn Code with Durgesh_Microservices_Microservices_3.0_ApiGateway_ApiGateway] INFO  o.e.m.i.launch.MavenLaunchDelegate - D:\Learn Code with Durgesh\Microservices\Microservices_3.0\ApiGateway\ApiGateway
2024-09-14 22:27:36,665 [Worker-13: Launching Executing clean in D__Learn Code with Durgesh_Microservices_Microservices_3.0_ApiGateway_ApiGateway] INFO  o.e.m.i.launch.MavenLaunchDelegate -  mvn -Ppom.xml -B -Dstyle.color=always clean
2024-09-14 22:27:41,966 [Worker-19: Building] INFO  o.a.m.s.f.DefaultMavenResourcesFiltering - Copying 1 resource from src\main\resources to target\classes
2024-09-14 22:27:41,968 [Worker-19: Building] INFO  o.a.m.s.f.DefaultMavenResourcesFiltering - Copying 1 resource from src\main\resources to target\classes
2024-09-14 22:27:41,971 [Worker-19: Building] INFO  o.a.m.s.f.DefaultMavenResourcesFiltering - skip non existing resourceDirectory D:\Learn Code with Durgesh\Microservices\Microservices_3.0\ApiGateway\ApiGateway\src\test\resources
2024-09-14 22:27:48,211 [Worker-18: Launching Executing install in D__Learn Code with Durgesh_Microservices_Microservices_3.0_ApiGateway_ApiGateway] INFO  o.e.m.i.launch.MavenLaunchDelegate - D:\Learn Code with Durgesh\Microservices\Microservices_3.0\ApiGateway\ApiGateway
2024-09-14 22:27:48,211 [Worker-18: Launching Executing install in D__Learn Code with Durgesh_Microservices_Microservices_3.0_ApiGateway_ApiGateway] INFO  o.e.m.i.launch.MavenLaunchDelegate -  mvn -Ppom.xml -B -Dstyle.color=always install
2024-09-14 22:27:59,020 [Worker-18: Building] INFO  o.a.m.s.f.DefaultMavenResourcesFiltering - Copying 1 resource from src\main\resources to target\classes
2024-09-14 22:27:59,023 [Worker-18: Building] INFO  o.a.m.s.f.DefaultMavenResourcesFiltering - Copying 1 resource from src\main\resources to target\classes
2024-09-14 22:27:59,028 [Worker-18: Building] INFO  o.a.m.s.f.DefaultMavenResourcesFiltering - skip non existing resourceDirectory D:\Learn Code with Durgesh\Microservices\Microservices_3.0\ApiGateway\ApiGateway\src\test\resources
2024-09-14 22:28:31,210 [Worker-18: Building] INFO  o.e.m.c.i.l.LifecycleMappingFactory - Using org.eclipse.m2e.jdt.JarLifecycleMapping lifecycle mapping for MavenProject: com.learn.gateway:ApiGateway:0.0.1-SNAPSHOT @ D:\Learn Code with Durgesh\Microservices\Microservices_3.0\ApiGateway\ApiGateway\pom.xml.
2024-09-14 22:28:31,691 [Worker-18: Building] INFO  o.a.m.s.f.DefaultMavenResourcesFiltering - Copying 0 resource from src\main\resources to target\classes
2024-09-14 22:28:31,691 [Worker-18: Building] INFO  o.a.m.s.f.DefaultMavenResourcesFiltering - Copying 0 resource from src\main\resources to target\classes
2024-09-14 22:28:31,694 [Worker-18: Building] INFO  o.a.m.s.f.DefaultMavenResourcesFiltering - skip non existing resourceDirectory D:\Learn Code with Durgesh\Microservices\Microservices_3.0\ApiGateway\ApiGateway\src\test\resources
2024-09-14 22:28:33,044 [Worker-18: Building] INFO  o.a.m.s.f.DefaultMavenResourcesFiltering - Copying 1 resource from src\main\resources to target\classes
2024-09-14 22:28:33,059 [Worker-18: Building] INFO  o.a.m.s.f.DefaultMavenResourcesFiltering - Copying 1 resource from src\main\resources to target\classes
2024-09-14 22:28:33,063 [Worker-18: Building] INFO  o.a.m.s.f.DefaultMavenResourcesFiltering - skip non existing resourceDirectory D:\Learn Code with Durgesh\Microservices\Microservices_3.0\ApiGateway\ApiGateway\src\test\resources
2024-09-14 22:28:40,138 [Worker-16: Launching Executing install in D__Learn Code with Durgesh_Microservices_Microservices_3.0_ApiGateway_ApiGateway] INFO  o.e.m.i.launch.MavenLaunchDelegate - D:\Learn Code with Durgesh\Microservices\Microservices_3.0\ApiGateway\ApiGateway
2024-09-14 22:28:40,138 [Worker-16: Launching Executing install in D__Learn Code with Durgesh_Microservices_Microservices_3.0_ApiGateway_ApiGateway] INFO  o.e.m.i.launch.MavenLaunchDelegate -  mvn -Ppom.xml -B -Dstyle.color=always install
